<?xml version="1.0" encoding="UTF-8"?>
<!-- Generated by org.testng.reporters.JUnitXMLReporter -->
<testsuite hostname="LAPTOP-085J8J9J" failures="0" tests="4" name="my test" time="20.302" errors="0" timestamp="28 Dec 2020 01:29:00 GMT">
  <testcase classname="tests.Login_Test" name="dataproviderTest" time="1.179"/>
  <testcase classname="tests.Login_Test" name="dataproviderTest" time="0.796"/>
  <testcase classname="tests.Login_Test" name="dataproviderTest" time="0.946"/>
  <testcase classname="tests.Demo_Test" name="demoHeading" time="0.11"/>
</testsuite> <!-- my test -->
