<?xml version="1.0" encoding="UTF-8"?>
<!-- Generated by org.testng.reporters.JUnitXMLReporter -->
<testsuite hostname="LAPTOP-085J8J9J" failures="0" tests="4" name="mytest" time="20.386" errors="0" timestamp="29 Dec 2020 18:15:55 GMT">
  <testcase classname="tests.Login_Test" name="dataproviderTest" time="0.913"/>
  <testcase classname="tests.Login_Test" name="dataproviderTest" time="0.815"/>
  <testcase classname="tests.Login_Test" name="dataproviderTest" time="0.792"/>
  <testcase classname="tests.Demo_Test" name="demoHeading" time="0.123"/>
</testsuite> <!-- mytest -->
