<?xml version="1.0" encoding="UTF-8"?>
<!-- Generated by org.testng.reporters.JUnitXMLReporter -->
<testsuite hostname="LAPTOP-085J8J9J" failures="0" tests="4" name="OpenCartWeb" time="21.151" errors="0" timestamp="29 Dec 2020 18:19:48 GMT">
  <testcase classname="tests.Login_Test" name="dataproviderTest" time="1.078"/>
  <testcase classname="tests.Login_Test" name="dataproviderTest" time="0.971"/>
  <testcase classname="tests.Login_Test" name="dataproviderTest" time="0.798"/>
  <testcase classname="tests.Demo_Test" name="demoHeading" time="0.161"/>
</testsuite> <!-- OpenCartWeb -->
